<?xml version="1.0" encoding="UTF-8"?>
<testng-results skipped="0" failed="0" ignored="0" total="1" passed="1">
  <reporter-output>
    <line>
      <![CDATA[CreateCustomer]]>
    </line>
  </reporter-output>
  <suite name="Suite" duration-ms="50" started-at="2021-09-14T23:16:17Z" finished-at="2021-09-14T23:16:17Z">
    <groups>
    </groups>
    <test name="Test" duration-ms="50" started-at="2021-09-14T23:16:17Z" finished-at="2021-09-14T23:16:17Z">
      <class name="com.actitime.testscript.CustomerModule">
        <test-method status="PASS" signature="testCreateCustomer()[pri:0, instance:com.actitime.testscript.CustomerModule@5b0abc94]" name="testCreateCustomer" duration-ms="14" started-at="2021-09-14T23:16:17Z" finished-at="2021-09-14T23:16:17Z">
          <reporter-output>
            <line>
              <![CDATA[CreateCustomer]]>
            </line>
          </reporter-output>
        </test-method> <!-- testCreateCustomer -->
      </class> <!-- com.actitime.testscript.CustomerModule -->
    </test> <!-- Test -->
  </suite> <!-- Suite -->
</testng-results>
